[2020-07-22 12:47:00] local.ERROR: SQLSTATE[HY000]: General error: 1215 Cannot add foreign key constraint (SQL: alter table `company` add constraint `company_company_type_foreign` foreign key (`company_type`) references `company_type` (`id`)) {"exception":"[object] (Illuminate\\Database\\QueryException(code: HY000): SQLSTATE[HY000]: General error: 1215 Cannot add foreign key constraint (SQL: alter table `company` add constraint `company_company_type_foreign` foreign key (`company_type`) references `company_type` (`id`)) at /Applications/MAMP/htdocs/carcomm/vendor/laravel/framework/src/Illuminate/Database/Connection.php:671)
[stacktrace]
#0 /Applications/MAMP/htdocs/carcomm/vendor/laravel/framework/src/Illuminate/Database/Connection.php(631): Illuminate\\Database\\Connection->runQueryCallback('alter table `co...', Array, Object(Closure))
#1 /Applications/MAMP/htdocs/carcomm/vendor/laravel/framework/src/Illuminate/Database/Connection.php(465): Illuminate\\Database\\Connection->run('alter table `co...', Array, Object(Closure))
#2 /Applications/MAMP/htdocs/carcomm/vendor/laravel/framework/src/Illuminate/Database/Schema/Blueprint.php(102): Illuminate\\Database\\Connection->statement('alter table `co...')
#3 /Applications/MAMP/htdocs/carcomm/vendor/laravel/framework/src/Illuminate/Database/Schema/Builder.php(290): Illuminate\\Database\\Schema\\Blueprint->build(Object(Illuminate\\Database\\MySqlConnection), Object(Illuminate\\Database\\Schema\\Grammars\\MySqlGrammar))
#4 /Applications/MAMP/htdocs/carcomm/vendor/laravel/framework/src/Illuminate/Database/Schema/Builder.php(151): Illuminate\\Database\\Schema\\Builder->build(Object(Illuminate\\Database\\Schema\\Blueprint))
#5 /Applications/MAMP/htdocs/carcomm/vendor/laravel/framework/src/Illuminate/Support/Facades/Facade.php(261): Illuminate\\Database\\Schema\\Builder->table('company', Object(Closure))
#6 /Applications/MAMP/htdocs/carcomm/database/migrations/2020_07_22_121620_create_company.php(33): Illuminate\\Support\\Facades\\Facade::__callStatic('table', Array)
#7 /Applications/MAMP/htdocs/carcomm/vendor/laravel/framework/src/Illuminate/Database/Migrations/Migrator.php(392): CreateCompany->up()
#8 /Applications/MAMP/htdocs/carcomm/vendor/laravel/framework/src/Illuminate/Database/Migrations/Migrator.php(401): Illuminate\\Database\\Migrations\\Migrator->Illuminate\\Database\\Migrations\\{closure}()
#9 /Applications/MAMP/htdocs/carcomm/vendor/laravel/framework/src/Illuminate/Database/Migrations/Migrator.php(200): Illuminate\\Database\\Migrations\\Migrator->runMigration(Object(CreateCompany), 'up')
#10 /Applications/MAMP/htdocs/carcomm/vendor/laravel/framework/src/Illuminate/Database/Migrations/Migrator.php(165): Illuminate\\Database\\Migrations\\Migrator->runUp('/Applications/M...', 1, false)
#11 /Applications/MAMP/htdocs/carcomm/vendor/laravel/framework/src/Illuminate/Database/Migrations/Migrator.php(110): Illuminate\\Database\\Migrations\\Migrator->runPending(Array, Array)
#12 /Applications/MAMP/htdocs/carcomm/vendor/laravel/framework/src/Illuminate/Database/Console/Migrations/MigrateCommand.php(72): Illuminate\\Database\\Migrations\\Migrator->run(Array, Array)
#13 /Applications/MAMP/htdocs/carcomm/vendor/laravel/framework/src/Illuminate/Database/Migrations/Migrator.php(541): Illuminate\\Database\\Console\\Migrations\\MigrateCommand->Illuminate\\Database\\Console\\Migrations\\{closure}()
#14 /Applications/MAMP/htdocs/carcomm/vendor/laravel/framework/src/Illuminate/Database/Console/Migrations/MigrateCommand.php(81): Illuminate\\Database\\Migrations\\Migrator->usingConnection(NULL, Object(Closure))
#15 [internal function]: Illuminate\\Database\\Console\\Migrations\\MigrateCommand->handle()
#16 /Applications/MAMP/htdocs/carcomm/vendor/laravel/framework/src/Illuminate/Container/BoundMethod.php(37): call_user_func_array(Array, Array)
#17 /Applications/MAMP/htdocs/carcomm/vendor/laravel/framework/src/Illuminate/Container/Util.php(37): Illuminate\\Container\\BoundMethod::Illuminate\\Container\\{closure}()
#18 /Applications/MAMP/htdocs/carcomm/vendor/laravel/framework/src/Illuminate/Container/BoundMethod.php(95): Illuminate\\Container\\Util::unwrapIfClosure(Object(Closure))
#19 /Applications/MAMP/htdocs/carcomm/vendor/laravel/framework/src/Illuminate/Container/BoundMethod.php(39): Illuminate\\Container\\BoundMethod::callBoundMethod(Object(Illuminate\\Foundation\\Application), Array, Object(Closure))
#20 /Applications/MAMP/htdocs/carcomm/vendor/laravel/framework/src/Illuminate/Container/Container.php(592): Illuminate\\Container\\BoundMethod::call(Object(Illuminate\\Foundation\\Application), Array, Array, NULL)
#21 /Applications/MAMP/htdocs/carcomm/vendor/laravel/framework/src/Illuminate/Console/Command.php(134): Illuminate\\Container\\Container->call(Array)
#22 /Applications/MAMP/htdocs/carcomm/vendor/symfony/console/Command/Command.php(258): Illuminate\\Console\\Command->execute(Object(Symfony\\Component\\Console\\Input\\ArgvInput), Object(Illuminate\\Console\\OutputStyle))
#23 /Applications/MAMP/htdocs/carcomm/vendor/laravel/framework/src/Illuminate/Console/Command.php(121): Symfony\\Component\\Console\\Command\\Command->run(Object(Symfony\\Component\\Console\\Input\\ArgvInput), Object(Illuminate\\Console\\OutputStyle))
#24 /Applications/MAMP/htdocs/carcomm/vendor/symfony/console/Application.php(911): Illuminate\\Console\\Command->run(Object(Symfony\\Component\\Console\\Input\\ArgvInput), Object(Symfony\\Component\\Console\\Output\\ConsoleOutput))
#25 /Applications/MAMP/htdocs/carcomm/vendor/symfony/console/Application.php(264): Symfony\\Component\\Console\\Application->doRunCommand(Object(Illuminate\\Database\\Console\\Migrations\\MigrateCommand), Object(Symfony\\Component\\Console\\Input\\ArgvInput), Object(Symfony\\Component\\Console\\Output\\ConsoleOutput))
#26 /Applications/MAMP/htdocs/carcomm/vendor/symfony/console/Application.php(140): Symfony\\Component\\Console\\Application->doRun(Object(Symfony\\Component\\Console\\Input\\ArgvInput), Object(Symfony\\Component\\Console\\Output\\ConsoleOutput))
#27 /Applications/MAMP/htdocs/carcomm/vendor/laravel/framework/src/Illuminate/Console/Application.php(93): Symfony\\Component\\Console\\Application->run(Object(Symfony\\Component\\Console\\Input\\ArgvInput), Object(Symfony\\Component\\Console\\Output\\ConsoleOutput))
#28 /Applications/MAMP/htdocs/carcomm/vendor/laravel/framework/src/Illuminate/Foundation/Console/Kernel.php(129): Illuminate\\Console\\Application->run(Object(Symfony\\Component\\Console\\Input\\ArgvInput), Object(Symfony\\Component\\Console\\Output\\ConsoleOutput))
#29 /Applications/MAMP/htdocs/carcomm/artisan(37): Illuminate\\Foundation\\Console\\Kernel->handle(Object(Symfony\\Component\\Console\\Input\\ArgvInput), Object(Symfony\\Component\\Console\\Output\\ConsoleOutput))
#30 {main}

[previous exception] [object] (PDOException(code: HY000): SQLSTATE[HY000]: General error: 1215 Cannot add foreign key constraint at /Applications/MAMP/htdocs/carcomm/vendor/laravel/framework/src/Illuminate/Database/Connection.php:464)
[stacktrace]
#0 /Applications/MAMP/htdocs/carcomm/vendor/laravel/framework/src/Illuminate/Database/Connection.php(464): PDOStatement->execute()
#1 /Applications/MAMP/htdocs/carcomm/vendor/laravel/framework/src/Illuminate/Database/Connection.php(664): Illuminate\\Database\\Connection->Illuminate\\Database\\{closure}('alter table `co...', Array)
#2 /Applications/MAMP/htdocs/carcomm/vendor/laravel/framework/src/Illuminate/Database/Connection.php(631): Illuminate\\Database\\Connection->runQueryCallback('alter table `co...', Array, Object(Closure))
#3 /Applications/MAMP/htdocs/carcomm/vendor/laravel/framework/src/Illuminate/Database/Connection.php(465): Illuminate\\Database\\Connection->run('alter table `co...', Array, Object(Closure))
#4 /Applications/MAMP/htdocs/carcomm/vendor/laravel/framework/src/Illuminate/Database/Schema/Blueprint.php(102): Illuminate\\Database\\Connection->statement('alter table `co...')
#5 /Applications/MAMP/htdocs/carcomm/vendor/laravel/framework/src/Illuminate/Database/Schema/Builder.php(290): Illuminate\\Database\\Schema\\Blueprint->build(Object(Illuminate\\Database\\MySqlConnection), Object(Illuminate\\Database\\Schema\\Grammars\\MySqlGrammar))
#6 /Applications/MAMP/htdocs/carcomm/vendor/laravel/framework/src/Illuminate/Database/Schema/Builder.php(151): Illuminate\\Database\\Schema\\Builder->build(Object(Illuminate\\Database\\Schema\\Blueprint))
#7 /Applications/MAMP/htdocs/carcomm/vendor/laravel/framework/src/Illuminate/Support/Facades/Facade.php(261): Illuminate\\Database\\Schema\\Builder->table('company', Object(Closure))
#8 /Applications/MAMP/htdocs/carcomm/database/migrations/2020_07_22_121620_create_company.php(33): Illuminate\\Support\\Facades\\Facade::__callStatic('table', Array)
#9 /Applications/MAMP/htdocs/carcomm/vendor/laravel/framework/src/Illuminate/Database/Migrations/Migrator.php(392): CreateCompany->up()
#10 /Applications/MAMP/htdocs/carcomm/vendor/laravel/framework/src/Illuminate/Database/Migrations/Migrator.php(401): Illuminate\\Database\\Migrations\\Migrator->Illuminate\\Database\\Migrations\\{closure}()
#11 /Applications/MAMP/htdocs/carcomm/vendor/laravel/framework/src/Illuminate/Database/Migrations/Migrator.php(200): Illuminate\\Database\\Migrations\\Migrator->runMigration(Object(CreateCompany), 'up')
#12 /Applications/MAMP/htdocs/carcomm/vendor/laravel/framework/src/Illuminate/Database/Migrations/Migrator.php(165): Illuminate\\Database\\Migrations\\Migrator->runUp('/Applications/M...', 1, false)
#13 /Applications/MAMP/htdocs/carcomm/vendor/laravel/framework/src/Illuminate/Database/Migrations/Migrator.php(110): Illuminate\\Database\\Migrations\\Migrator->runPending(Array, Array)
#14 /Applications/MAMP/htdocs/carcomm/vendor/laravel/framework/src/Illuminate/Database/Console/Migrations/MigrateCommand.php(72): Illuminate\\Database\\Migrations\\Migrator->run(Array, Array)
#15 /Applications/MAMP/htdocs/carcomm/vendor/laravel/framework/src/Illuminate/Database/Migrations/Migrator.php(541): Illuminate\\Database\\Console\\Migrations\\MigrateCommand->Illuminate\\Database\\Console\\Migrations\\{closure}()
#16 /Applications/MAMP/htdocs/carcomm/vendor/laravel/framework/src/Illuminate/Database/Console/Migrations/MigrateCommand.php(81): Illuminate\\Database\\Migrations\\Migrator->usingConnection(NULL, Object(Closure))
#17 [internal function]: Illuminate\\Database\\Console\\Migrations\\MigrateCommand->handle()
#18 /Applications/MAMP/htdocs/carcomm/vendor/laravel/framework/src/Illuminate/Container/BoundMethod.php(37): call_user_func_array(Array, Array)
#19 /Applications/MAMP/htdocs/carcomm/vendor/laravel/framework/src/Illuminate/Container/Util.php(37): Illuminate\\Container\\BoundMethod::Illuminate\\Container\\{closure}()
#20 /Applications/MAMP/htdocs/carcomm/vendor/laravel/framework/src/Illuminate/Container/BoundMethod.php(95): Illuminate\\Container\\Util::unwrapIfClosure(Object(Closure))
#21 /Applications/MAMP/htdocs/carcomm/vendor/laravel/framework/src/Illuminate/Container/BoundMethod.php(39): Illuminate\\Container\\BoundMethod::callBoundMethod(Object(Illuminate\\Foundation\\Application), Array, Object(Closure))
#22 /Applications/MAMP/htdocs/carcomm/vendor/laravel/framework/src/Illuminate/Container/Container.php(592): Illuminate\\Container\\BoundMethod::call(Object(Illuminate\\Foundation\\Application), Array, Array, NULL)
#23 /Applications/MAMP/htdocs/carcomm/vendor/laravel/framework/src/Illuminate/Console/Command.php(134): Illuminate\\Container\\Container->call(Array)
#24 /Applications/MAMP/htdocs/carcomm/vendor/symfony/console/Command/Command.php(258): Illuminate\\Console\\Command->execute(Object(Symfony\\Component\\Console\\Input\\ArgvInput), Object(Illuminate\\Console\\OutputStyle))
#25 /Applications/MAMP/htdocs/carcomm/vendor/laravel/framework/src/Illuminate/Console/Command.php(121): Symfony\\Component\\Console\\Command\\Command->run(Object(Symfony\\Component\\Console\\Input\\ArgvInput), Object(Illuminate\\Console\\OutputStyle))
#26 /Applications/MAMP/htdocs/carcomm/vendor/symfony/console/Application.php(911): Illuminate\\Console\\Command->run(Object(Symfony\\Component\\Console\\Input\\ArgvInput), Object(Symfony\\Component\\Console\\Output\\ConsoleOutput))
#27 /Applications/MAMP/htdocs/carcomm/vendor/symfony/console/Application.php(264): Symfony\\Component\\Console\\Application->doRunCommand(Object(Illuminate\\Database\\Console\\Migrations\\MigrateCommand), Object(Symfony\\Component\\Console\\Input\\ArgvInput), Object(Symfony\\Component\\Console\\Output\\ConsoleOutput))
#28 /Applications/MAMP/htdocs/carcomm/vendor/symfony/console/Application.php(140): Symfony\\Component\\Console\\Application->doRun(Object(Symfony\\Component\\Console\\Input\\ArgvInput), Object(Symfony\\Component\\Console\\Output\\ConsoleOutput))
#29 /Applications/MAMP/htdocs/carcomm/vendor/laravel/framework/src/Illuminate/Console/Application.php(93): Symfony\\Component\\Console\\Application->run(Object(Symfony\\Component\\Console\\Input\\ArgvInput), Object(Symfony\\Component\\Console\\Output\\ConsoleOutput))
#30 /Applications/MAMP/htdocs/carcomm/vendor/laravel/framework/src/Illuminate/Foundation/Console/Kernel.php(129): Illuminate\\Console\\Application->run(Object(Symfony\\Component\\Console\\Input\\ArgvInput), Object(Symfony\\Component\\Console\\Output\\ConsoleOutput))
#31 /Applications/MAMP/htdocs/carcomm/artisan(37): Illuminate\\Foundation\\Console\\Kernel->handle(Object(Symfony\\Component\\Console\\Input\\ArgvInput), Object(Symfony\\Component\\Console\\Output\\ConsoleOutput))
#32 {main}
"} 
[2020-07-22 12:49:18] local.ERROR: SQLSTATE[42S01]: Base table or view already exists: 1050 Table 'company' already exists (SQL: create table `company` (`id` bigint unsigned not null auto_increment primary key, `name` varchar(255) not null, `description` longtext null, `address` longtext null, `contactno` varchar(255) null, `imageurl` varchar(255) null, `company_type` bigint unsigned not null, `user_id` bigint unsigned not null, `created_at` timestamp null, `updated_at` timestamp null) default character set utf8mb4 collate 'utf8mb4_unicode_ci') {"exception":"[object] (Illuminate\\Database\\QueryException(code: 42S01): SQLSTATE[42S01]: Base table or view already exists: 1050 Table 'company' already exists (SQL: create table `company` (`id` bigint unsigned not null auto_increment primary key, `name` varchar(255) not null, `description` longtext null, `address` longtext null, `contactno` varchar(255) null, `imageurl` varchar(255) null, `company_type` bigint unsigned not null, `user_id` bigint unsigned not null, `created_at` timestamp null, `updated_at` timestamp null) default character set utf8mb4 collate 'utf8mb4_unicode_ci') at /Applications/MAMP/htdocs/carcomm/vendor/laravel/framework/src/Illuminate/Database/Connection.php:671)
[stacktrace]
#0 /Applications/MAMP/htdocs/carcomm/vendor/laravel/framework/src/Illuminate/Database/Connection.php(631): Illuminate\\Database\\Connection->runQueryCallback('create table `c...', Array, Object(Closure))
#1 /Applications/MAMP/htdocs/carcomm/vendor/laravel/framework/src/Illuminate/Database/Connection.php(465): Illuminate\\Database\\Connection->run('create table `c...', Array, Object(Closure))
#2 /Applications/MAMP/htdocs/carcomm/vendor/laravel/framework/src/Illuminate/Database/Schema/Blueprint.php(102): Illuminate\\Database\\Connection->statement('create table `c...')
#3 /Applications/MAMP/htdocs/carcomm/vendor/laravel/framework/src/Illuminate/Database/Schema/Builder.php(290): Illuminate\\Database\\Schema\\Blueprint->build(Object(Illuminate\\Database\\MySqlConnection), Object(Illuminate\\Database\\Schema\\Grammars\\MySqlGrammar))
#4 /Applications/MAMP/htdocs/carcomm/vendor/laravel/framework/src/Illuminate/Database/Schema/Builder.php(167): Illuminate\\Database\\Schema\\Builder->build(Object(Illuminate\\Database\\Schema\\Blueprint))
#5 /Applications/MAMP/htdocs/carcomm/vendor/laravel/framework/src/Illuminate/Support/Facades/Facade.php(261): Illuminate\\Database\\Schema\\Builder->create('company', Object(Closure))
#6 /Applications/MAMP/htdocs/carcomm/database/migrations/2020_07_22_121620_create_company.php(27): Illuminate\\Support\\Facades\\Facade::__callStatic('create', Array)
#7 /Applications/MAMP/htdocs/carcomm/vendor/laravel/framework/src/Illuminate/Database/Migrations/Migrator.php(392): CreateCompany->up()
#8 /Applications/MAMP/htdocs/carcomm/vendor/laravel/framework/src/Illuminate/Database/Migrations/Migrator.php(401): Illuminate\\Database\\Migrations\\Migrator->Illuminate\\Database\\Migrations\\{closure}()
#9 /Applications/MAMP/htdocs/carcomm/vendor/laravel/framework/src/Illuminate/Database/Migrations/Migrator.php(200): Illuminate\\Database\\Migrations\\Migrator->runMigration(Object(CreateCompany), 'up')
#10 /Applications/MAMP/htdocs/carcomm/vendor/laravel/framework/src/Illuminate/Database/Migrations/Migrator.php(165): Illuminate\\Database\\Migrations\\Migrator->runUp('/Applications/M...', 2, false)
#11 /Applications/MAMP/htdocs/carcomm/vendor/laravel/framework/src/Illuminate/Database/Migrations/Migrator.php(110): Illuminate\\Database\\Migrations\\Migrator->runPending(Array, Array)
#12 /Applications/MAMP/htdocs/carcomm/vendor/laravel/framework/src/Illuminate/Database/Console/Migrations/MigrateCommand.php(72): Illuminate\\Database\\Migrations\\Migrator->run(Array, Array)
#13 /Applications/MAMP/htdocs/carcomm/vendor/laravel/framework/src/Illuminate/Database/Migrations/Migrator.php(541): Illuminate\\Database\\Console\\Migrations\\MigrateCommand->Illuminate\\Database\\Console\\Migrations\\{closure}()
#14 /Applications/MAMP/htdocs/carcomm/vendor/laravel/framework/src/Illuminate/Database/Console/Migrations/MigrateCommand.php(81): Illuminate\\Database\\Migrations\\Migrator->usingConnection(NULL, Object(Closure))
#15 [internal function]: Illuminate\\Database\\Console\\Migrations\\MigrateCommand->handle()
#16 /Applications/MAMP/htdocs/carcomm/vendor/laravel/framework/src/Illuminate/Container/BoundMethod.php(37): call_user_func_array(Array, Array)
#17 /Applications/MAMP/htdocs/carcomm/vendor/laravel/framework/src/Illuminate/Container/Util.php(37): Illuminate\\Container\\BoundMethod::Illuminate\\Container\\{closure}()
#18 /Applications/MAMP/htdocs/carcomm/vendor/laravel/framework/src/Illuminate/Container/BoundMethod.php(95): Illuminate\\Container\\Util::unwrapIfClosure(Object(Closure))
#19 /Applications/MAMP/htdocs/carcomm/vendor/laravel/framework/src/Illuminate/Container/BoundMethod.php(39): Illuminate\\Container\\BoundMethod::callBoundMethod(Object(Illuminate\\Foundation\\Application), Array, Object(Closure))
#20 /Applications/MAMP/htdocs/carcomm/vendor/laravel/framework/src/Illuminate/Container/Container.php(592): Illuminate\\Container\\BoundMethod::call(Object(Illuminate\\Foundation\\Application), Array, Array, NULL)
#21 /Applications/MAMP/htdocs/carcomm/vendor/laravel/framework/src/Illuminate/Console/Command.php(134): Illuminate\\Container\\Container->call(Array)
#22 /Applications/MAMP/htdocs/carcomm/vendor/symfony/console/Command/Command.php(258): Illuminate\\Console\\Command->execute(Object(Symfony\\Component\\Console\\Input\\ArgvInput), Object(Illuminate\\Console\\OutputStyle))
#23 /Applications/MAMP/htdocs/carcomm/vendor/laravel/framework/src/Illuminate/Console/Command.php(121): Symfony\\Component\\Console\\Command\\Command->run(Object(Symfony\\Component\\Console\\Input\\ArgvInput), Object(Illuminate\\Console\\OutputStyle))
#24 /Applications/MAMP/htdocs/carcomm/vendor/symfony/console/Application.php(911): Illuminate\\Console\\Command->run(Object(Symfony\\Component\\Console\\Input\\ArgvInput), Object(Symfony\\Component\\Console\\Output\\ConsoleOutput))
#25 /Applications/MAMP/htdocs/carcomm/vendor/symfony/console/Application.php(264): Symfony\\Component\\Console\\Application->doRunCommand(Object(Illuminate\\Database\\Console\\Migrations\\MigrateCommand), Object(Symfony\\Component\\Console\\Input\\ArgvInput), Object(Symfony\\Component\\Console\\Output\\ConsoleOutput))
#26 /Applications/MAMP/htdocs/carcomm/vendor/symfony/console/Application.php(140): Symfony\\Component\\Console\\Application->doRun(Object(Symfony\\Component\\Console\\Input\\ArgvInput), Object(Symfony\\Component\\Console\\Output\\ConsoleOutput))
#27 /Applications/MAMP/htdocs/carcomm/vendor/laravel/framework/src/Illuminate/Console/Application.php(93): Symfony\\Component\\Console\\Application->run(Object(Symfony\\Component\\Console\\Input\\ArgvInput), Object(Symfony\\Component\\Console\\Output\\ConsoleOutput))
#28 /Applications/MAMP/htdocs/carcomm/vendor/laravel/framework/src/Illuminate/Foundation/Console/Kernel.php(129): Illuminate\\Console\\Application->run(Object(Symfony\\Component\\Console\\Input\\ArgvInput), Object(Symfony\\Component\\Console\\Output\\ConsoleOutput))
#29 /Applications/MAMP/htdocs/carcomm/artisan(37): Illuminate\\Foundation\\Console\\Kernel->handle(Object(Symfony\\Component\\Console\\Input\\ArgvInput), Object(Symfony\\Component\\Console\\Output\\ConsoleOutput))
#30 {main}

[previous exception] [object] (PDOException(code: 42S01): SQLSTATE[42S01]: Base table or view already exists: 1050 Table 'company' already exists at /Applications/MAMP/htdocs/carcomm/vendor/laravel/framework/src/Illuminate/Database/Connection.php:464)
[stacktrace]
#0 /Applications/MAMP/htdocs/carcomm/vendor/laravel/framework/src/Illuminate/Database/Connection.php(464): PDOStatement->execute()
#1 /Applications/MAMP/htdocs/carcomm/vendor/laravel/framework/src/Illuminate/Database/Connection.php(664): Illuminate\\Database\\Connection->Illuminate\\Database\\{closure}('create table `c...', Array)
#2 /Applications/MAMP/htdocs/carcomm/vendor/laravel/framework/src/Illuminate/Database/Connection.php(631): Illuminate\\Database\\Connection->runQueryCallback('create table `c...', Array, Object(Closure))
#3 /Applications/MAMP/htdocs/carcomm/vendor/laravel/framework/src/Illuminate/Database/Connection.php(465): Illuminate\\Database\\Connection->run('create table `c...', Array, Object(Closure))
#4 /Applications/MAMP/htdocs/carcomm/vendor/laravel/framework/src/Illuminate/Database/Schema/Blueprint.php(102): Illuminate\\Database\\Connection->statement('create table `c...')
#5 /Applications/MAMP/htdocs/carcomm/vendor/laravel/framework/src/Illuminate/Database/Schema/Builder.php(290): Illuminate\\Database\\Schema\\Blueprint->build(Object(Illuminate\\Database\\MySqlConnection), Object(Illuminate\\Database\\Schema\\Grammars\\MySqlGrammar))
#6 /Applications/MAMP/htdocs/carcomm/vendor/laravel/framework/src/Illuminate/Database/Schema/Builder.php(167): Illuminate\\Database\\Schema\\Builder->build(Object(Illuminate\\Database\\Schema\\Blueprint))
#7 /Applications/MAMP/htdocs/carcomm/vendor/laravel/framework/src/Illuminate/Support/Facades/Facade.php(261): Illuminate\\Database\\Schema\\Builder->create('company', Object(Closure))
#8 /Applications/MAMP/htdocs/carcomm/database/migrations/2020_07_22_121620_create_company.php(27): Illuminate\\Support\\Facades\\Facade::__callStatic('create', Array)
#9 /Applications/MAMP/htdocs/carcomm/vendor/laravel/framework/src/Illuminate/Database/Migrations/Migrator.php(392): CreateCompany->up()
#10 /Applications/MAMP/htdocs/carcomm/vendor/laravel/framework/src/Illuminate/Database/Migrations/Migrator.php(401): Illuminate\\Database\\Migrations\\Migrator->Illuminate\\Database\\Migrations\\{closure}()
#11 /Applications/MAMP/htdocs/carcomm/vendor/laravel/framework/src/Illuminate/Database/Migrations/Migrator.php(200): Illuminate\\Database\\Migrations\\Migrator->runMigration(Object(CreateCompany), 'up')
#12 /Applications/MAMP/htdocs/carcomm/vendor/laravel/framework/src/Illuminate/Database/Migrations/Migrator.php(165): Illuminate\\Database\\Migrations\\Migrator->runUp('/Applications/M...', 2, false)
#13 /Applications/MAMP/htdocs/carcomm/vendor/laravel/framework/src/Illuminate/Database/Migrations/Migrator.php(110): Illuminate\\Database\\Migrations\\Migrator->runPending(Array, Array)
#14 /Applications/MAMP/htdocs/carcomm/vendor/laravel/framework/src/Illuminate/Database/Console/Migrations/MigrateCommand.php(72): Illuminate\\Database\\Migrations\\Migrator->run(Array, Array)
#15 /Applications/MAMP/htdocs/carcomm/vendor/laravel/framework/src/Illuminate/Database/Migrations/Migrator.php(541): Illuminate\\Database\\Console\\Migrations\\MigrateCommand->Illuminate\\Database\\Console\\Migrations\\{closure}()
#16 /Applications/MAMP/htdocs/carcomm/vendor/laravel/framework/src/Illuminate/Database/Console/Migrations/MigrateCommand.php(81): Illuminate\\Database\\Migrations\\Migrator->usingConnection(NULL, Object(Closure))
#17 [internal function]: Illuminate\\Database\\Console\\Migrations\\MigrateCommand->handle()
#18 /Applications/MAMP/htdocs/carcomm/vendor/laravel/framework/src/Illuminate/Container/BoundMethod.php(37): call_user_func_array(Array, Array)
#19 /Applications/MAMP/htdocs/carcomm/vendor/laravel/framework/src/Illuminate/Container/Util.php(37): Illuminate\\Container\\BoundMethod::Illuminate\\Container\\{closure}()
#20 /Applications/MAMP/htdocs/carcomm/vendor/laravel/framework/src/Illuminate/Container/BoundMethod.php(95): Illuminate\\Container\\Util::unwrapIfClosure(Object(Closure))
#21 /Applications/MAMP/htdocs/carcomm/vendor/laravel/framework/src/Illuminate/Container/BoundMethod.php(39): Illuminate\\Container\\BoundMethod::callBoundMethod(Object(Illuminate\\Foundation\\Application), Array, Object(Closure))
#22 /Applications/MAMP/htdocs/carcomm/vendor/laravel/framework/src/Illuminate/Container/Container.php(592): Illuminate\\Container\\BoundMethod::call(Object(Illuminate\\Foundation\\Application), Array, Array, NULL)
#23 /Applications/MAMP/htdocs/carcomm/vendor/laravel/framework/src/Illuminate/Console/Command.php(134): Illuminate\\Container\\Container->call(Array)
#24 /Applications/MAMP/htdocs/carcomm/vendor/symfony/console/Command/Command.php(258): Illuminate\\Console\\Command->execute(Object(Symfony\\Component\\Console\\Input\\ArgvInput), Object(Illuminate\\Console\\OutputStyle))
#25 /Applications/MAMP/htdocs/carcomm/vendor/laravel/framework/src/Illuminate/Console/Command.php(121): Symfony\\Component\\Console\\Command\\Command->run(Object(Symfony\\Component\\Console\\Input\\ArgvInput), Object(Illuminate\\Console\\OutputStyle))
#26 /Applications/MAMP/htdocs/carcomm/vendor/symfony/console/Application.php(911): Illuminate\\Console\\Command->run(Object(Symfony\\Component\\Console\\Input\\ArgvInput), Object(Symfony\\Component\\Console\\Output\\ConsoleOutput))
#27 /Applications/MAMP/htdocs/carcomm/vendor/symfony/console/Application.php(264): Symfony\\Component\\Console\\Application->doRunCommand(Object(Illuminate\\Database\\Console\\Migrations\\MigrateCommand), Object(Symfony\\Component\\Console\\Input\\ArgvInput), Object(Symfony\\Component\\Console\\Output\\ConsoleOutput))
#28 /Applications/MAMP/htdocs/carcomm/vendor/symfony/console/Application.php(140): Symfony\\Component\\Console\\Application->doRun(Object(Symfony\\Component\\Console\\Input\\ArgvInput), Object(Symfony\\Component\\Console\\Output\\ConsoleOutput))
#29 /Applications/MAMP/htdocs/carcomm/vendor/laravel/framework/src/Illuminate/Console/Application.php(93): Symfony\\Component\\Console\\Application->run(Object(Symfony\\Component\\Console\\Input\\ArgvInput), Object(Symfony\\Component\\Console\\Output\\ConsoleOutput))
#30 /Applications/MAMP/htdocs/carcomm/vendor/laravel/framework/src/Illuminate/Foundation/Console/Kernel.php(129): Illuminate\\Console\\Application->run(Object(Symfony\\Component\\Console\\Input\\ArgvInput), Object(Symfony\\Component\\Console\\Output\\ConsoleOutput))
#31 /Applications/MAMP/htdocs/carcomm/artisan(37): Illuminate\\Foundation\\Console\\Kernel->handle(Object(Symfony\\Component\\Console\\Input\\ArgvInput), Object(Symfony\\Component\\Console\\Output\\ConsoleOutput))
#32 {main}
"} 
[2020-07-24 01:44:51] local.ERROR: Route [companies.store] not defined. (View: /Applications/MAMP/htdocs/carcomm/resources/views/companies/create.blade.php) {"userId":1,"exception":"[object] (Facade\\Ignition\\Exceptions\\ViewException(code: 0): Route [companies.store] not defined. (View: /Applications/MAMP/htdocs/carcomm/resources/views/companies/create.blade.php) at /Applications/MAMP/htdocs/carcomm/vendor/laravel/framework/src/Illuminate/Routing/UrlGenerator.php:420)
[stacktrace]
#0 /Applications/MAMP/htdocs/carcomm/vendor/laravel/framework/src/Illuminate/Foundation/helpers.php(768): Illuminate\\Routing\\UrlGenerator->route('companies.store', Array, true)
#1 /Applications/MAMP/htdocs/carcomm/resources/views/companies/create.blade.php(15): route('companies.store')
#2 /Applications/MAMP/htdocs/carcomm/vendor/laravel/framework/src/Illuminate/View/Engines/PhpEngine.php(41): include('/Applications/M...')
#3 /Applications/MAMP/htdocs/carcomm/vendor/laravel/framework/src/Illuminate/View/Engines/CompilerEngine.php(57): Illuminate\\View\\Engines\\PhpEngine->evaluatePath('/Applications/M...', Array)
#4 /Applications/MAMP/htdocs/carcomm/vendor/facade/ignition/src/Views/Engines/CompilerEngine.php(37): Illuminate\\View\\Engines\\CompilerEngine->get('/Applications/M...', Array)
#5 /Applications/MAMP/htdocs/carcomm/vendor/laravel/framework/src/Illuminate/View/View.php(139): Facade\\Ignition\\Views\\Engines\\CompilerEngine->get('/Applications/M...', Array)
#6 /Applications/MAMP/htdocs/carcomm/vendor/laravel/framework/src/Illuminate/View/View.php(122): Illuminate\\View\\View->getContents()
#7 /Applications/MAMP/htdocs/carcomm/vendor/laravel/framework/src/Illuminate/View/View.php(91): Illuminate\\View\\View->renderContents()
#8 /Applications/MAMP/htdocs/carcomm/vendor/laravel/framework/src/Illuminate/Http/Response.php(62): Illuminate\\View\\View->render()
#9 /Applications/MAMP/htdocs/carcomm/vendor/laravel/framework/src/Illuminate/Http/Response.php(34): Illuminate\\Http\\Response->setContent(Object(Illuminate\\View\\View))
#10 /Applications/MAMP/htdocs/carcomm/vendor/laravel/framework/src/Illuminate/Routing/Router.php(759): Illuminate\\Http\\Response->__construct(Object(Illuminate\\View\\View), 200, Array)
#11 /Applications/MAMP/htdocs/carcomm/vendor/laravel/framework/src/Illuminate/Routing/Router.php(731): Illuminate\\Routing\\Router::toResponse(Object(Illuminate\\Http\\Request), Object(Illuminate\\View\\View))
#12 /Applications/MAMP/htdocs/carcomm/vendor/laravel/framework/src/Illuminate/Routing/Router.php(685): Illuminate\\Routing\\Router->prepareResponse(Object(Illuminate\\Http\\Request), Object(Illuminate\\View\\View))
#13 /Applications/MAMP/htdocs/carcomm/vendor/laravel/framework/src/Illuminate/Pipeline/Pipeline.php(128): Illuminate\\Routing\\Router->Illuminate\\Routing\\{closure}(Object(Illuminate\\Http\\Request))
#14 /Applications/MAMP/htdocs/carcomm/vendor/laravel/framework/src/Illuminate/Routing/Middleware/SubstituteBindings.php(41): Illuminate\\Pipeline\\Pipeline->Illuminate\\Pipeline\\{closure}(Object(Illuminate\\Http\\Request))
#15 /Applications/MAMP/htdocs/carcomm/vendor/laravel/framework/src/Illuminate/Pipeline/Pipeline.php(167): Illuminate\\Routing\\Middleware\\SubstituteBindings->handle(Object(Illuminate\\Http\\Request), Object(Closure))
#16 /Applications/MAMP/htdocs/carcomm/vendor/laravel/framework/src/Illuminate/Foundation/Http/Middleware/VerifyCsrfToken.php(76): Illuminate\\Pipeline\\Pipeline->Illuminate\\Pipeline\\{closure}(Object(Illuminate\\Http\\Request))
#17 /Applications/MAMP/htdocs/carcomm/vendor/laravel/framework/src/Illuminate/Pipeline/Pipeline.php(167): Illuminate\\Foundation\\Http\\Middleware\\VerifyCsrfToken->handle(Object(Illuminate\\Http\\Request), Object(Closure))
#18 /Applications/MAMP/htdocs/carcomm/vendor/laravel/framework/src/Illuminate/View/Middleware/ShareErrorsFromSession.php(49): Illuminate\\Pipeline\\Pipeline->Illuminate\\Pipeline\\{closure}(Object(Illuminate\\Http\\Request))
#19 /Applications/MAMP/htdocs/carcomm/vendor/laravel/framework/src/Illuminate/Pipeline/Pipeline.php(167): Illuminate\\View\\Middleware\\ShareErrorsFromSession->handle(Object(Illuminate\\Http\\Request), Object(Closure))
#20 /Applications/MAMP/htdocs/carcomm/vendor/laravel/framework/src/Illuminate/Session/Middleware/StartSession.php(116): Illuminate\\Pipeline\\Pipeline->Illuminate\\Pipeline\\{closure}(Object(Illuminate\\Http\\Request))
#21 /Applications/MAMP/htdocs/carcomm/vendor/laravel/framework/src/Illuminate/Session/Middleware/StartSession.php(62): Illuminate\\Session\\Middleware\\StartSession->handleStatefulRequest(Object(Illuminate\\Http\\Request), Object(Illuminate\\Session\\Store), Object(Closure))
#22 /Applications/MAMP/htdocs/carcomm/vendor/laravel/framework/src/Illuminate/Pipeline/Pipeline.php(167): Illuminate\\Session\\Middleware\\StartSession->handle(Object(Illuminate\\Http\\Request), Object(Closure))
#23 /Applications/MAMP/htdocs/carcomm/vendor/laravel/framework/src/Illuminate/Cookie/Middleware/AddQueuedCookiesToResponse.php(37): Illuminate\\Pipeline\\Pipeline->Illuminate\\Pipeline\\{closure}(Object(Illuminate\\Http\\Request))
#24 /Applications/MAMP/htdocs/carcomm/vendor/laravel/framework/src/Illuminate/Pipeline/Pipeline.php(167): Illuminate\\Cookie\\Middleware\\AddQueuedCookiesToResponse->handle(Object(Illuminate\\Http\\Request), Object(Closure))
#25 /Applications/MAMP/htdocs/carcomm/vendor/laravel/framework/src/Illuminate/Cookie/Middleware/EncryptCookies.php(66): Illuminate\\Pipeline\\Pipeline->Illuminate\\Pipeline\\{closure}(Object(Illuminate\\Http\\Request))
#26 /Applications/MAMP/htdocs/carcomm/vendor/laravel/framework/src/Illuminate/Pipeline/Pipeline.php(167): Illuminate\\Cookie\\Middleware\\EncryptCookies->handle(Object(Illuminate\\Http\\Request), Object(Closure))
#27 /Applications/MAMP/htdocs/carcomm/vendor/laravel/framework/src/Illuminate/Pipeline/Pipeline.php(103): Illuminate\\Pipeline\\Pipeline->Illuminate\\Pipeline\\{closure}(Object(Illuminate\\Http\\Request))
#28 /Applications/MAMP/htdocs/carcomm/vendor/laravel/framework/src/Illuminate/Routing/Router.php(687): Illuminate\\Pipeline\\Pipeline->then(Object(Closure))
#29 /Applications/MAMP/htdocs/carcomm/vendor/laravel/framework/src/Illuminate/Routing/Router.php(662): Illuminate\\Routing\\Router->runRouteWithinStack(Object(Illuminate\\Routing\\Route), Object(Illuminate\\Http\\Request))
#30 /Applications/MAMP/htdocs/carcomm/vendor/laravel/framework/src/Illuminate/Routing/Router.php(628): Illuminate\\Routing\\Router->runRoute(Object(Illuminate\\Http\\Request), Object(Illuminate\\Routing\\Route))
#31 /Applications/MAMP/htdocs/carcomm/vendor/laravel/framework/src/Illuminate/Routing/Router.php(617): Illuminate\\Routing\\Router->dispatchToRoute(Object(Illuminate\\Http\\Request))
#32 /Applications/MAMP/htdocs/carcomm/vendor/laravel/framework/src/Illuminate/Foundation/Http/Kernel.php(165): Illuminate\\Routing\\Router->dispatch(Object(Illuminate\\Http\\Request))
#33 /Applications/MAMP/htdocs/carcomm/vendor/laravel/framework/src/Illuminate/Pipeline/Pipeline.php(128): Illuminate\\Foundation\\Http\\Kernel->Illuminate\\Foundation\\Http\\{closure}(Object(Illuminate\\Http\\Request))
#34 /Applications/MAMP/htdocs/carcomm/vendor/laravel/framework/src/Illuminate/Foundation/Http/Middleware/TransformsRequest.php(21): Illuminate\\Pipeline\\Pipeline->Illuminate\\Pipeline\\{closure}(Object(Illuminate\\Http\\Request))
#35 /Applications/MAMP/htdocs/carcomm/vendor/laravel/framework/src/Illuminate/Pipeline/Pipeline.php(167): Illuminate\\Foundation\\Http\\Middleware\\TransformsRequest->handle(Object(Illuminate\\Http\\Request), Object(Closure))
#36 /Applications/MAMP/htdocs/carcomm/vendor/laravel/framework/src/Illuminate/Foundation/Http/Middleware/TransformsRequest.php(21): Illuminate\\Pipeline\\Pipeline->Illuminate\\Pipeline\\{closure}(Object(Illuminate\\Http\\Request))
#37 /Applications/MAMP/htdocs/carcomm/vendor/laravel/framework/src/Illuminate/Pipeline/Pipeline.php(167): Illuminate\\Foundation\\Http\\Middleware\\TransformsRequest->handle(Object(Illuminate\\Http\\Request), Object(Closure))
#38 /Applications/MAMP/htdocs/carcomm/vendor/laravel/framework/src/Illuminate/Foundation/Http/Middleware/ValidatePostSize.php(27): Illuminate\\Pipeline\\Pipeline->Illuminate\\Pipeline\\{closure}(Object(Illuminate\\Http\\Request))
#39 /Applications/MAMP/htdocs/carcomm/vendor/laravel/framework/src/Illuminate/Pipeline/Pipeline.php(167): Illuminate\\Foundation\\Http\\Middleware\\ValidatePostSize->handle(Object(Illuminate\\Http\\Request), Object(Closure))
#40 /Applications/MAMP/htdocs/carcomm/vendor/laravel/framework/src/Illuminate/Foundation/Http/Middleware/CheckForMaintenanceMode.php(63): Illuminate\\Pipeline\\Pipeline->Illuminate\\Pipeline\\{closure}(Object(Illuminate\\Http\\Request))
#41 /Applications/MAMP/htdocs/carcomm/vendor/laravel/framework/src/Illuminate/Pipeline/Pipeline.php(167): Illuminate\\Foundation\\Http\\Middleware\\CheckForMaintenanceMode->handle(Object(Illuminate\\Http\\Request), Object(Closure))
#42 /Applications/MAMP/htdocs/carcomm/vendor/fruitcake/laravel-cors/src/HandleCors.php(37): Illuminate\\Pipeline\\Pipeline->Illuminate\\Pipeline\\{closure}(Object(Illuminate\\Http\\Request))
#43 /Applications/MAMP/htdocs/carcomm/vendor/laravel/framework/src/Illuminate/Pipeline/Pipeline.php(167): Fruitcake\\Cors\\HandleCors->handle(Object(Illuminate\\Http\\Request), Object(Closure))
#44 /Applications/MAMP/htdocs/carcomm/vendor/fideloper/proxy/src/TrustProxies.php(57): Illuminate\\Pipeline\\Pipeline->Illuminate\\Pipeline\\{closure}(Object(Illuminate\\Http\\Request))
#45 /Applications/MAMP/htdocs/carcomm/vendor/laravel/framework/src/Illuminate/Pipeline/Pipeline.php(167): Fideloper\\Proxy\\TrustProxies->handle(Object(Illuminate\\Http\\Request), Object(Closure))
#46 /Applications/MAMP/htdocs/carcomm/vendor/laravel/framework/src/Illuminate/Pipeline/Pipeline.php(103): Illuminate\\Pipeline\\Pipeline->Illuminate\\Pipeline\\{closure}(Object(Illuminate\\Http\\Request))
#47 /Applications/MAMP/htdocs/carcomm/vendor/laravel/framework/src/Illuminate/Foundation/Http/Kernel.php(140): Illuminate\\Pipeline\\Pipeline->then(Object(Closure))
#48 /Applications/MAMP/htdocs/carcomm/vendor/laravel/framework/src/Illuminate/Foundation/Http/Kernel.php(109): Illuminate\\Foundation\\Http\\Kernel->sendRequestThroughRouter(Object(Illuminate\\Http\\Request))
#49 /Applications/MAMP/htdocs/carcomm/public/index.php(55): Illuminate\\Foundation\\Http\\Kernel->handle(Object(Illuminate\\Http\\Request))
#50 /Applications/MAMP/htdocs/carcomm/server.php(21): require_once('/Applications/M...')
#51 {main}

[previous exception] [object] (Symfony\\Component\\Routing\\Exception\\RouteNotFoundException(code: 0): Route [companies.store] not defined. at /Applications/MAMP/htdocs/carcomm/vendor/laravel/framework/src/Illuminate/Routing/UrlGenerator.php:420)
[stacktrace]
#0 /Applications/MAMP/htdocs/carcomm/vendor/laravel/framework/src/Illuminate/Foundation/helpers.php(768): Illuminate\\Routing\\UrlGenerator->route('companies.store', Array, true)
#1 /Applications/MAMP/htdocs/carcomm/storage/framework/views/82505917da8485e7347bcd748ad923c67017f70b.php(12): route('companies.store')
#2 /Applications/MAMP/htdocs/carcomm/vendor/laravel/framework/src/Illuminate/View/Engines/PhpEngine.php(41): include('/Applications/M...')
#3 /Applications/MAMP/htdocs/carcomm/vendor/laravel/framework/src/Illuminate/View/Engines/CompilerEngine.php(57): Illuminate\\View\\Engines\\PhpEngine->evaluatePath('/Applications/M...', Array)
#4 /Applications/MAMP/htdocs/carcomm/vendor/facade/ignition/src/Views/Engines/CompilerEngine.php(37): Illuminate\\View\\Engines\\CompilerEngine->get('/Applications/M...', Array)
#5 /Applications/MAMP/htdocs/carcomm/vendor/laravel/framework/src/Illuminate/View/View.php(139): Facade\\Ignition\\Views\\Engines\\CompilerEngine->get('/Applications/M...', Array)
#6 /Applications/MAMP/htdocs/carcomm/vendor/laravel/framework/src/Illuminate/View/View.php(122): Illuminate\\View\\View->getContents()
#7 /Applications/MAMP/htdocs/carcomm/vendor/laravel/framework/src/Illuminate/View/View.php(91): Illuminate\\View\\View->renderContents()
#8 /Applications/MAMP/htdocs/carcomm/vendor/laravel/framework/src/Illuminate/Http/Response.php(62): Illuminate\\View\\View->render()
#9 /Applications/MAMP/htdocs/carcomm/vendor/laravel/framework/src/Illuminate/Http/Response.php(34): Illuminate\\Http\\Response->setContent(Object(Illuminate\\View\\View))
#10 /Applications/MAMP/htdocs/carcomm/vendor/laravel/framework/src/Illuminate/Routing/Router.php(759): Illuminate\\Http\\Response->__construct(Object(Illuminate\\View\\View), 200, Array)
#11 /Applications/MAMP/htdocs/carcomm/vendor/laravel/framework/src/Illuminate/Routing/Router.php(731): Illuminate\\Routing\\Router::toResponse(Object(Illuminate\\Http\\Request), Object(Illuminate\\View\\View))
#12 /Applications/MAMP/htdocs/carcomm/vendor/laravel/framework/src/Illuminate/Routing/Router.php(685): Illuminate\\Routing\\Router->prepareResponse(Object(Illuminate\\Http\\Request), Object(Illuminate\\View\\View))
#13 /Applications/MAMP/htdocs/carcomm/vendor/laravel/framework/src/Illuminate/Pipeline/Pipeline.php(128): Illuminate\\Routing\\Router->Illuminate\\Routing\\{closure}(Object(Illuminate\\Http\\Request))
#14 /Applications/MAMP/htdocs/carcomm/vendor/laravel/framework/src/Illuminate/Routing/Middleware/SubstituteBindings.php(41): Illuminate\\Pipeline\\Pipeline->Illuminate\\Pipeline\\{closure}(Object(Illuminate\\Http\\Request))
#15 /Applications/MAMP/htdocs/carcomm/vendor/laravel/framework/src/Illuminate/Pipeline/Pipeline.php(167): Illuminate\\Routing\\Middleware\\SubstituteBindings->handle(Object(Illuminate\\Http\\Request), Object(Closure))
#16 /Applications/MAMP/htdocs/carcomm/vendor/laravel/framework/src/Illuminate/Foundation/Http/Middleware/VerifyCsrfToken.php(76): Illuminate\\Pipeline\\Pipeline->Illuminate\\Pipeline\\{closure}(Object(Illuminate\\Http\\Request))
#17 /Applications/MAMP/htdocs/carcomm/vendor/laravel/framework/src/Illuminate/Pipeline/Pipeline.php(167): Illuminate\\Foundation\\Http\\Middleware\\VerifyCsrfToken->handle(Object(Illuminate\\Http\\Request), Object(Closure))
#18 /Applications/MAMP/htdocs/carcomm/vendor/laravel/framework/src/Illuminate/View/Middleware/ShareErrorsFromSession.php(49): Illuminate\\Pipeline\\Pipeline->Illuminate\\Pipeline\\{closure}(Object(Illuminate\\Http\\Request))
#19 /Applications/MAMP/htdocs/carcomm/vendor/laravel/framework/src/Illuminate/Pipeline/Pipeline.php(167): Illuminate\\View\\Middleware\\ShareErrorsFromSession->handle(Object(Illuminate\\Http\\Request), Object(Closure))
#20 /Applications/MAMP/htdocs/carcomm/vendor/laravel/framework/src/Illuminate/Session/Middleware/StartSession.php(116): Illuminate\\Pipeline\\Pipeline->Illuminate\\Pipeline\\{closure}(Object(Illuminate\\Http\\Request))
#21 /Applications/MAMP/htdocs/carcomm/vendor/laravel/framework/src/Illuminate/Session/Middleware/StartSession.php(62): Illuminate\\Session\\Middleware\\StartSession->handleStatefulRequest(Object(Illuminate\\Http\\Request), Object(Illuminate\\Session\\Store), Object(Closure))
#22 /Applications/MAMP/htdocs/carcomm/vendor/laravel/framework/src/Illuminate/Pipeline/Pipeline.php(167): Illuminate\\Session\\Middleware\\StartSession->handle(Object(Illuminate\\Http\\Request), Object(Closure))
#23 /Applications/MAMP/htdocs/carcomm/vendor/laravel/framework/src/Illuminate/Cookie/Middleware/AddQueuedCookiesToResponse.php(37): Illuminate\\Pipeline\\Pipeline->Illuminate\\Pipeline\\{closure}(Object(Illuminate\\Http\\Request))
#24 /Applications/MAMP/htdocs/carcomm/vendor/laravel/framework/src/Illuminate/Pipeline/Pipeline.php(167): Illuminate\\Cookie\\Middleware\\AddQueuedCookiesToResponse->handle(Object(Illuminate\\Http\\Request), Object(Closure))
#25 /Applications/MAMP/htdocs/carcomm/vendor/laravel/framework/src/Illuminate/Cookie/Middleware/EncryptCookies.php(66): Illuminate\\Pipeline\\Pipeline->Illuminate\\Pipeline\\{closure}(Object(Illuminate\\Http\\Request))
#26 /Applications/MAMP/htdocs/carcomm/vendor/laravel/framework/src/Illuminate/Pipeline/Pipeline.php(167): Illuminate\\Cookie\\Middleware\\EncryptCookies->handle(Object(Illuminate\\Http\\Request), Object(Closure))
#27 /Applications/MAMP/htdocs/carcomm/vendor/laravel/framework/src/Illuminate/Pipeline/Pipeline.php(103): Illuminate\\Pipeline\\Pipeline->Illuminate\\Pipeline\\{closure}(Object(Illuminate\\Http\\Request))
#28 /Applications/MAMP/htdocs/carcomm/vendor/laravel/framework/src/Illuminate/Routing/Router.php(687): Illuminate\\Pipeline\\Pipeline->then(Object(Closure))
#29 /Applications/MAMP/htdocs/carcomm/vendor/laravel/framework/src/Illuminate/Routing/Router.php(662): Illuminate\\Routing\\Router->runRouteWithinStack(Object(Illuminate\\Routing\\Route), Object(Illuminate\\Http\\Request))
#30 /Applications/MAMP/htdocs/carcomm/vendor/laravel/framework/src/Illuminate/Routing/Router.php(628): Illuminate\\Routing\\Router->runRoute(Object(Illuminate\\Http\\Request), Object(Illuminate\\Routing\\Route))
#31 /Applications/MAMP/htdocs/carcomm/vendor/laravel/framework/src/Illuminate/Routing/Router.php(617): Illuminate\\Routing\\Router->dispatchToRoute(Object(Illuminate\\Http\\Request))
#32 /Applications/MAMP/htdocs/carcomm/vendor/laravel/framework/src/Illuminate/Foundation/Http/Kernel.php(165): Illuminate\\Routing\\Router->dispatch(Object(Illuminate\\Http\\Request))
#33 /Applications/MAMP/htdocs/carcomm/vendor/laravel/framework/src/Illuminate/Pipeline/Pipeline.php(128): Illuminate\\Foundation\\Http\\Kernel->Illuminate\\Foundation\\Http\\{closure}(Object(Illuminate\\Http\\Request))
#34 /Applications/MAMP/htdocs/carcomm/vendor/laravel/framework/src/Illuminate/Foundation/Http/Middleware/TransformsRequest.php(21): Illuminate\\Pipeline\\Pipeline->Illuminate\\Pipeline\\{closure}(Object(Illuminate\\Http\\Request))
#35 /Applications/MAMP/htdocs/carcomm/vendor/laravel/framework/src/Illuminate/Pipeline/Pipeline.php(167): Illuminate\\Foundation\\Http\\Middleware\\TransformsRequest->handle(Object(Illuminate\\Http\\Request), Object(Closure))
#36 /Applications/MAMP/htdocs/carcomm/vendor/laravel/framework/src/Illuminate/Foundation/Http/Middleware/TransformsRequest.php(21): Illuminate\\Pipeline\\Pipeline->Illuminate\\Pipeline\\{closure}(Object(Illuminate\\Http\\Request))
#37 /Applications/MAMP/htdocs/carcomm/vendor/laravel/framework/src/Illuminate/Pipeline/Pipeline.php(167): Illuminate\\Foundation\\Http\\Middleware\\TransformsRequest->handle(Object(Illuminate\\Http\\Request), Object(Closure))
#38 /Applications/MAMP/htdocs/carcomm/vendor/laravel/framework/src/Illuminate/Foundation/Http/Middleware/ValidatePostSize.php(27): Illuminate\\Pipeline\\Pipeline->Illuminate\\Pipeline\\{closure}(Object(Illuminate\\Http\\Request))
#39 /Applications/MAMP/htdocs/carcomm/vendor/laravel/framework/src/Illuminate/Pipeline/Pipeline.php(167): Illuminate\\Foundation\\Http\\Middleware\\ValidatePostSize->handle(Object(Illuminate\\Http\\Request), Object(Closure))
#40 /Applications/MAMP/htdocs/carcomm/vendor/laravel/framework/src/Illuminate/Foundation/Http/Middleware/CheckForMaintenanceMode.php(63): Illuminate\\Pipeline\\Pipeline->Illuminate\\Pipeline\\{closure}(Object(Illuminate\\Http\\Request))
#41 /Applications/MAMP/htdocs/carcomm/vendor/laravel/framework/src/Illuminate/Pipeline/Pipeline.php(167): Illuminate\\Foundation\\Http\\Middleware\\CheckForMaintenanceMode->handle(Object(Illuminate\\Http\\Request), Object(Closure))
#42 /Applications/MAMP/htdocs/carcomm/vendor/fruitcake/laravel-cors/src/HandleCors.php(37): Illuminate\\Pipeline\\Pipeline->Illuminate\\Pipeline\\{closure}(Object(Illuminate\\Http\\Request))
#43 /Applications/MAMP/htdocs/carcomm/vendor/laravel/framework/src/Illuminate/Pipeline/Pipeline.php(167): Fruitcake\\Cors\\HandleCors->handle(Object(Illuminate\\Http\\Request), Object(Closure))
#44 /Applications/MAMP/htdocs/carcomm/vendor/fideloper/proxy/src/TrustProxies.php(57): Illuminate\\Pipeline\\Pipeline->Illuminate\\Pipeline\\{closure}(Object(Illuminate\\Http\\Request))
#45 /Applications/MAMP/htdocs/carcomm/vendor/laravel/framework/src/Illuminate/Pipeline/Pipeline.php(167): Fideloper\\Proxy\\TrustProxies->handle(Object(Illuminate\\Http\\Request), Object(Closure))
#46 /Applications/MAMP/htdocs/carcomm/vendor/laravel/framework/src/Illuminate/Pipeline/Pipeline.php(103): Illuminate\\Pipeline\\Pipeline->Illuminate\\Pipeline\\{closure}(Object(Illuminate\\Http\\Request))
#47 /Applications/MAMP/htdocs/carcomm/vendor/laravel/framework/src/Illuminate/Foundation/Http/Kernel.php(140): Illuminate\\Pipeline\\Pipeline->then(Object(Closure))
#48 /Applications/MAMP/htdocs/carcomm/vendor/laravel/framework/src/Illuminate/Foundation/Http/Kernel.php(109): Illuminate\\Foundation\\Http\\Kernel->sendRequestThroughRouter(Object(Illuminate\\Http\\Request))
#49 /Applications/MAMP/htdocs/carcomm/public/index.php(55): Illuminate\\Foundation\\Http\\Kernel->handle(Object(Illuminate\\Http\\Request))
#50 /Applications/MAMP/htdocs/carcomm/server.php(21): require_once('/Applications/M...')
#51 {main}
"} 
